{"name": "test_adding_dataset_REST_API[chrome]", "status": "broken", "statusDetails": {"message": "selenium.common.exceptions.TimeoutException: Message: \nStacktrace:\n0   chromedriver                        0x00000001054346b8 chromedriver + 4937400\n1   chromedriver                        0x000000010542bb73 chromedriver + 4901747\n2   chromedriver                        0x0000000104fe9616 chromedriver + 435734\n3   chromedriver                        0x000000010502ce0f chromedriver + 712207\n4   chromedriver                        0x000000010502d0a1 chromedriver + 712865\n5   chromedriver                        0x000000010506e9a4 chromedriver + 981412\n6   chromedriver                        0x000000010505103d chromedriver + 860221\n7   chromedriver                        0x000000010506be76 chromedriver + 970358\n8   chromedriver                        0x0000000105050de3 chromedriver + 859619\n9   chromedriver                        0x000000010501ed7f chromedriver + 654719\n10  chromedriver                        0x00000001050200de chromedriver + 659678\n11  chromedriver                        0x00000001053f02ad chromedriver + 4657837\n12  chromedriver                        0x00000001053f5130 chromedriver + 4677936\n13  chromedriver                        0x00000001053fbdef chromedriver + 4705775\n14  chromedriver                        0x00000001053f605a chromedriver + 4681818\n15  chromedriver                        0x00000001053c892c chromedriver + 4495660\n16  chromedriver                        0x0000000105413838 chromedriver + 4802616\n17  chromedriver                        0x00000001054139b7 chromedriver + 4802999\n18  chromedriver                        0x000000010542499f chromedriver + 4872607\n19  libsystem_pthread.dylib             0x00007ff8195471d3 _pthread_start + 125\n20  libsystem_pthread.dylib             0x00007ff819542bd3 thread_start + 15", "trace": "self = <Testcases.test_datasetpage.Test_datasetpage object at 0x104d89600>\n\n    @allure.description(\"Testing Adding Dataset from Rest_API\")\n    @allure.severity(allure.severity_level.CRITICAL)\n    def test_adding_dataset_REST_API(self):\n        self.loginpage = Loginpage(self.driver)\n        sleep(3)\n        self.driver.execute_script(\"window.localStorage.clear();\")\n        sleep(2)\n        self.driver.maximize_window()\n        self.loginpage.do_click(Loginpage.LOGIN_AS_ADMIN_BUTTON)\n        self.loginpage.do_click(Loginpage.USERNAME_FIELD)\n        self.loginpage.do_sendkeys(Loginpage.USERNAME_FIELD, Testdata.USER_NAME)\n        self.loginpage.do_click(Loginpage.SEND_OTP_BUTTON)\n        sleep(2)\n        self.loginpage.do_click(Loginpage.ENTER_OTP)\n        self.loginpage.do_sendkeys(Loginpage.ENTER_OTP, Testdata.OTP)\n        self.loginpage.do_click(Loginpage.VERIFY_OTP_BUTTON)\n        sleep(2)\n        self.datasets_page = Datasetspage(self.driver)\n        sleep(2)\n        self.loginpage.do_click(Datasetspage.DATASET_TAB)\n        sleep(2)\n        self.driver.execute_script(\"window.scrollBy(0,500);\")\n        sleep(2)\n        self.datasets_page.do_click(Datasetspage.ADD_NEW_DATASET)\n        sleep(2)\n        self.datasets_page.do_click(Datasetspage.ADD_DATASET_NAME_FIELD)\n        self.datasets_page.do_sendkeys(Datasetspage.ADD_DATASET_NAME_FIELD, Testdata.DATASET_NAME_REST_API)\n        sleep(2)\n        self.datasets_page.do_click(Datasetspage.Add_DATASET_DESCRIPTION_FIELD)\n        self.datasets_page.do_sendkeys(Datasetspage.Add_DATASET_DESCRIPTION_FIELD, Testdata.DATASET_DESCRIPTION_REST_API)\n        sleep(2)\n        self.driver.execute_script(\"window.scrollBy(0,400);\")\n        sleep(2)\n        self.datasets_page.do_click_constanly_updating_checkbox()\n        self.datasets_page.do_click(Datasetspage.NEXT_BUTTON)\n        sleep(5)\n        self.driver.execute_script(\"window.scrollBy(0,500);\")\n        sleep(5)\n>       self.datasets_page.do_click(Datasetspage.REST_API_TAB)\n\ntest_datasetpage.py:500: \n_ _ _ _ _ _ _ _ _ _ _ _ _ _ _ _ _ _ _ _ _ _ _ _ _ _ _ _ _ _ _ _ _ _ _ _ _ _ _ _ _ _ _ _ _ _ _ _ _ _ _ _ _ _ _ _ _ _ _ _ _ _ _ _ _ _ _ _ _ _ _ _ _ _ _ _ _ _ _ _ _ _ _ _ _ \n../Pageobjects/Basepage.py:20: in do_click\n    element = wait.until(EC.visibility_of_element_located(by_locator))\n_ _ _ _ _ _ _ _ _ _ _ _ _ _ _ _ _ _ _ _ _ _ _ _ _ _ _ _ _ _ _ _ _ _ _ _ _ _ _ _ _ _ _ _ _ _ _ _ _ _ _ _ _ _ _ _ _ _ _ _ _ _ _ _ _ _ _ _ _ _ _ _ _ _ _ _ _ _ _ _ _ _ _ _ _ \n\nself = <selenium.webdriver.support.wait.WebDriverWait (session=\"07f6b89e2a47fce7dfae43991b0fe863\")>\nmethod = <function visibility_of_element_located.<locals>._predicate at 0x1046788b0>, message = ''\n\n    def until(self, method, message: str = \"\"):\n        \"\"\"Calls the method provided with the driver as an argument until the \\\n        return value does not evaluate to ``False``.\n    \n        :param method: callable(WebDriver)\n        :param message: optional message for :exc:`TimeoutException`\n        :returns: the result of the last call to `method`\n        :raises: :exc:`selenium.common.exceptions.TimeoutException` if timeout occurs\n        \"\"\"\n        screen = None\n        stacktrace = None\n    \n        end_time = time.monotonic() + self._timeout\n        while True:\n            try:\n                value = method(self._driver)\n                if value:\n                    return value\n            except self._ignored_exceptions as exc:\n                screen = getattr(exc, \"screen\", None)\n                stacktrace = getattr(exc, \"stacktrace\", None)\n            time.sleep(self._poll)\n            if time.monotonic() > end_time:\n                break\n>       raise TimeoutException(message, screen, stacktrace)\nE       selenium.common.exceptions.TimeoutException: Message: \nE       Stacktrace:\nE       0   chromedriver                        0x00000001054346b8 chromedriver + 4937400\nE       1   chromedriver                        0x000000010542bb73 chromedriver + 4901747\nE       2   chromedriver                        0x0000000104fe9616 chromedriver + 435734\nE       3   chromedriver                        0x000000010502ce0f chromedriver + 712207\nE       4   chromedriver                        0x000000010502d0a1 chromedriver + 712865\nE       5   chromedriver                        0x000000010506e9a4 chromedriver + 981412\nE       6   chromedriver                        0x000000010505103d chromedriver + 860221\nE       7   chromedriver                        0x000000010506be76 chromedriver + 970358\nE       8   chromedriver                        0x0000000105050de3 chromedriver + 859619\nE       9   chromedriver                        0x000000010501ed7f chromedriver + 654719\nE       10  chromedriver                        0x00000001050200de chromedriver + 659678\nE       11  chromedriver                        0x00000001053f02ad chromedriver + 4657837\nE       12  chromedriver                        0x00000001053f5130 chromedriver + 4677936\nE       13  chromedriver                        0x00000001053fbdef chromedriver + 4705775\nE       14  chromedriver                        0x00000001053f605a chromedriver + 4681818\nE       15  chromedriver                        0x00000001053c892c chromedriver + 4495660\nE       16  chromedriver                        0x0000000105413838 chromedriver + 4802616\nE       17  chromedriver                        0x00000001054139b7 chromedriver + 4802999\nE       18  chromedriver                        0x000000010542499f chromedriver + 4872607\nE       19  libsystem_pthread.dylib             0x00007ff8195471d3 _pthread_start + 125\nE       20  libsystem_pthread.dylib             0x00007ff819542bd3 thread_start + 15\n\n../venv/lib/python3.10/site-packages/selenium/webdriver/support/wait.py:95: TimeoutException"}, "description": "Testing Adding Dataset from Rest_API", "parameters": [{"name": "init_driver", "value": "'chrome'"}], "start": 1690530946503, "stop": 1690531038170, "uuid": "a30bad58-6880-442b-b963-a296b4cfb65d", "historyId": "490939e268c66d031bbe5d765f90c1c5", "testCaseId": "8d399c1e44111d488fbc7a3d6800b347", "fullName": "test_datasetpage.Test_datasetpage#test_adding_dataset_REST_API", "labels": [{"name": "severity", "value": "critical"}, {"name": "tag", "value": "@pytest.mark.usefixtures('init_driver')"}, {"name": "suite", "value": "test_datasetpage"}, {"name": "subSuite", "value": "Test_datasetpage"}, {"name": "host", "value": "Shaiks-MacBook-Pro.local"}, {"name": "thread", "value": "17313-MainThread"}, {"name": "framework", "value": "pytest"}, {"name": "language", "value": "cpython3"}, {"name": "package", "value": "test_datasetpage"}]}