{"name": "test_update_organization_settings_page[chrome]", "status": "broken", "statusDetails": {"message": "selenium.common.exceptions.ElementClickInterceptedException: Message: element click intercepted: Element <svg class=\"MuiSvgIcon-root MuiSvgIcon-fontSizeMedium css-vubbuv\" focusable=\"false\" aria-hidden=\"true\" viewBox=\"0 0 24 24\" data-testid=\"CancelIcon\" id=\"cancel-uploaded-file\" style=\"cursor: pointer; margin-bottom: 70px; fill: rgba(0, 0, 0, 0.48);\">...</svg> is not clickable at point (947, 49). Other element would receive the click: <div class=\"d-flex align-items-center MuiBox-root css-0\">...</div>\n  (Session info: chrome=114.0.5735.90)\nStacktrace:\n0   chromedriver                        0x0000000102ba36b8 chromedriver + 4937400\n1   chromedriver                        0x0000000102b9ab73 chromedriver + 4901747\n2   chromedriver                        0x0000000102758616 chromedriver + 435734\n3   chromedriver                        0x00000001027a3b97 chromedriver + 744343\n4   chromedriver                        0x00000001027a1450 chromedriver + 734288\n5   chromedriver                        0x000000010279ea84 chromedriver + 723588\n6   chromedriver                        0x000000010279dbe4 chromedriver + 719844\n7   chromedriver                        0x00000001027901e1 chromedriver + 664033\n8   chromedriver                        0x00000001027c0012 chromedriver + 860178\n9   chromedriver                        0x000000010278f9c1 chromedriver + 661953\n10  chromedriver                        0x00000001027c01ce chromedriver + 860622\n11  chromedriver                        0x00000001027dae76 chromedriver + 970358\n12  chromedriver                        0x00000001027bfde3 chromedriver + 859619\n13  chromedriver                        0x000000010278dd7f chromedriver + 654719\n14  chromedriver                        0x000000010278f0de chromedriver + 659678\n15  chromedriver                        0x0000000102b5f2ad chromedriver + 4657837\n16  chromedriver                        0x0000000102b64130 chromedriver + 4677936\n17  chromedriver                        0x0000000102b6adef chromedriver + 4705775\n18  chromedriver                        0x0000000102b6505a chromedriver + 4681818\n19  chromedriver                        0x0000000102b3792c chromedriver + 4495660\n20  chromedriver                        0x0000000102b82838 chromedriver + 4802616\n21  chromedriver                        0x0000000102b829b7 chromedriver + 4802999\n22  chromedriver                        0x0000000102b9399f chromedriver + 4872607\n23  libsystem_pthread.dylib             0x00007ff8123ef1d3 _pthread_start + 125\n24  libsystem_pthread.dylib             0x00007ff8123eabd3 thread_start + 15", "trace": "self = <Testcases.test_settingspage.Test_Settings_page object at 0x1025f1d20>\n\n    @allure.description(\"Testing Organization Setting Page\")\n    @allure.severity(allure.severity_level.CRITICAL)\n    def test_update_organization_settings_page(self):\n        self.loginpage = Loginpage(self.driver)\n        sleep(3)\n        self.driver.execute_script(\"window.localStorage.clear();\")\n        sleep(3)\n        self.driver.execute_script(\"window.location.reload(true);\")\n        sleep(2)\n        self.driver.maximize_window()\n        self.loginpage.do_click(Loginpage.LOGIN_AS_ADMIN_BUTTON)\n        self.loginpage.do_click(Loginpage.USERNAME_FIELD)\n        self.loginpage.do_sendkeys(Loginpage.USERNAME_FIELD, Testdata.USER_NAME)\n        self.loginpage.do_click(Loginpage.SEND_OTP_BUTTON)\n        sleep(2)\n        self.loginpage.do_click(Loginpage.ENTER_OTP)\n        self.loginpage.do_sendkeys(Loginpage.ENTER_OTP, Testdata.OTP)\n        self.loginpage.do_click(Loginpage.VERIFY_OTP_BUTTON)\n        sleep(3)\n        self.settings_page = SettingsPage(self.driver)\n        self.settings_page.do_click(SettingsPage.SETTINGS_BUTTON)\n        self.settings_page.do_click(SettingsPage.ORGANIZATION_SETTINGS_TAB)\n        self.settings_page.do_click(SettingsPage.ORGANIZATION_NAME_FIELD)\n        self.settings_page.do_select_all(SettingsPage.ORGANIZATION_NAME_FIELD)\n        self.settings_page.do_clear(SettingsPage.ORGANIZATION_NAME_FIELD)\n        self.settings_page.do_sendkeys(SettingsPage.ORGANIZATION_NAME_FIELD, Testdata.UPDATE_ORGANIZATION_NAME)\n        self.settings_page.do_click(SettingsPage.ORGANIZATION_EMAIL_FIELD)\n        self.settings_page.do_select_all(SettingsPage.ORGANIZATION_EMAIL_FIELD)\n        self.settings_page.do_clear(SettingsPage.ORGANIZATION_EMAIL_FIELD)\n        self.settings_page.do_sendkeys(SettingsPage.ORGANIZATION_EMAIL_FIELD, Testdata.UPDATE_ORGANIZATION_MAIL_ID)\n        self.settings_page.do_click(SettingsPage.ORGANIZATION_WEBSITE_LINK_FIELD)\n        self.settings_page.do_select_all(SettingsPage.ORGANIZATION_WEBSITE_LINK_FIELD)\n        self.settings_page.do_clear(SettingsPage.ORGANIZATION_WEBSITE_LINK_FIELD)\n        self.settings_page.do_sendkeys(SettingsPage.ORGANIZATION_WEBSITE_LINK_FIELD,\n                                       Testdata.UPDATE_ORGANIZATION_WEBSITE_LINK)\n        self.settings_page.do_click(SettingsPage.ORGANIZATION_CONTACTNUMBER_FIELD)\n        for i in range(10):\n            self.settings_page.do_clear(SettingsPage.ORGANIZATION_CONTACTNUMBER_FIELD)\n        sleep(1)\n        self.settings_page.do_sendkeys(SettingsPage.ORGANIZATION_CONTACTNUMBER_FIELD,\n                                       Testdata.UPDATE_ORGANIZATION_CONTACT_NUMBER)\n        self.settings_page.do_click(SettingsPage.ORGANIZATION_ADDRESS_FIELD)\n        self.settings_page.do_select_all(SettingsPage.ORGANIZATION_ADDRESS_FIELD)\n        self.settings_page.do_clear(SettingsPage.ORGANIZATION_ADDRESS_FIELD)\n        self.settings_page.do_sendkeys(SettingsPage.ORGANIZATION_ADDRESS_FIELD, Testdata.ORGANIZATION_ADDRESS)\n        sleep(2)\n        self.settings_page.do_click(SettingsPage.COUNTRY_FIELD)\n        self.settings_page.do_click(SettingsPage.SELECT_COUNTRY)\n        self.settings_page.do_click(SettingsPage.ORGANIZATION_PINCODE_FIELD)\n        self.settings_page.do_select_all(SettingsPage.ORGANIZATION_PINCODE_FIELD)\n        self.settings_page.do_clear(SettingsPage.ORGANIZATION_PINCODE_FIELD)\n        self.settings_page.do_sendkeys(SettingsPage.ORGANIZATION_PINCODE_FIELD, Testdata.UPDATE_ORGANIZATION_PINCODE)\n        self.driver.execute_script(\"window.scrollBy(0,300);\")\n        sleep(2)\n        self.settings_page.do_click(SettingsPage.ORGANIZATION_DESCRIPTION_FIELD)\n        self.settings_page.do_select_all(SettingsPage.ORGANIZATION_DESCRIPTION_FIELD)\n        self.settings_page.do_clear(SettingsPage.ORGANIZATION_DESCRIPTION_FIELD)\n        self.settings_page.do_sendkeys(SettingsPage.ORGANIZATION_DESCRIPTION_FIELD,\n                                       Testdata.UPDATE_ORGANIZATION_DESCRIPTION)\n        sleep(2)\n        self.driver.execute_script(\"window.scrollBy(0,700);\")\n        sleep(2)\n        self.settings_page.do_sendkeys_ORG_LOGO()\n        sleep(2)\n        self.settings_page.do_click(SettingsPage.DONE_BUTTON_LOGO)\n        sleep(2)\n>       self.settings_page.do_click(SettingsPage.CANCEL_LOGO_BUTTON)\n\ntest_settingspage.py:136: \n_ _ _ _ _ _ _ _ _ _ _ _ _ _ _ _ _ _ _ _ _ _ _ _ _ _ _ _ _ _ _ _ _ _ _ _ _ _ _ _ _ _ _ _ _ _ _ _ _ _ _ _ _ _ _ _ _ _ _ _ _ _ _ _ _ _ _ _ _ _ _ _ _ _ _ _ _ _ _ _ _ _ _ _ _ \n../Pageobjects/Basepage.py:22: in do_click\n    element.click()\n../venv/lib/python3.10/site-packages/selenium/webdriver/remote/webelement.py:93: in click\n    self._execute(Command.CLICK_ELEMENT)\n../venv/lib/python3.10/site-packages/selenium/webdriver/remote/webelement.py:403: in _execute\n    return self._parent.execute(command, params)\n../venv/lib/python3.10/site-packages/selenium/webdriver/remote/webdriver.py:440: in execute\n    self.error_handler.check_response(response)\n_ _ _ _ _ _ _ _ _ _ _ _ _ _ _ _ _ _ _ _ _ _ _ _ _ _ _ _ _ _ _ _ _ _ _ _ _ _ _ _ _ _ _ _ _ _ _ _ _ _ _ _ _ _ _ _ _ _ _ _ _ _ _ _ _ _ _ _ _ _ _ _ _ _ _ _ _ _ _ _ _ _ _ _ _ \n\nself = <selenium.webdriver.remote.errorhandler.ErrorHandler object at 0x1025f2980>\nresponse = {'status': 400, 'value': '{\"value\":{\"error\":\"element click intercepted\",\"message\":\"element click intercepted: Element ...ff8123ef1d3 _pthread_start + 125\\\\n24  libsystem_pthread.dylib             0x00007ff8123eabd3 thread_start + 15\\\\n\"}}'}\n\n    def check_response(self, response: Dict[str, Any]) -> None:\n        \"\"\"Checks that a JSON response from the WebDriver does not have an\n        error.\n    \n        :Args:\n         - response - The JSON response from the WebDriver server as a dictionary\n           object.\n    \n        :Raises: If the response contains an error message.\n        \"\"\"\n        status = response.get(\"status\", None)\n        if not status or status == ErrorCode.SUCCESS:\n            return\n        value = None\n        message = response.get(\"message\", \"\")\n        screen: str = response.get(\"screen\", \"\")\n        stacktrace = None\n        if isinstance(status, int):\n            value_json = response.get(\"value\", None)\n            if value_json and isinstance(value_json, str):\n                import json\n    \n                try:\n                    value = json.loads(value_json)\n                    if len(value.keys()) == 1:\n                        value = value[\"value\"]\n                    status = value.get(\"error\", None)\n                    if not status:\n                        status = value.get(\"status\", ErrorCode.UNKNOWN_ERROR)\n                        message = value.get(\"value\") or value.get(\"message\")\n                        if not isinstance(message, str):\n                            value = message\n                            message = message.get(\"message\")\n                    else:\n                        message = value.get(\"message\", None)\n                except ValueError:\n                    pass\n    \n        exception_class: Type[WebDriverException]\n        if status in ErrorCode.NO_SUCH_ELEMENT:\n            exception_class = NoSuchElementException\n        elif status in ErrorCode.NO_SUCH_FRAME:\n            exception_class = NoSuchFrameException\n        elif status in ErrorCode.NO_SUCH_SHADOW_ROOT:\n            exception_class = NoSuchShadowRootException\n        elif status in ErrorCode.NO_SUCH_WINDOW:\n            exception_class = NoSuchWindowException\n        elif status in ErrorCode.STALE_ELEMENT_REFERENCE:\n            exception_class = StaleElementReferenceException\n        elif status in ErrorCode.ELEMENT_NOT_VISIBLE:\n            exception_class = ElementNotVisibleException\n        elif status in ErrorCode.INVALID_ELEMENT_STATE:\n            exception_class = InvalidElementStateException\n        elif (\n            status in ErrorCode.INVALID_SELECTOR\n            or status in ErrorCode.INVALID_XPATH_SELECTOR\n            or status in ErrorCode.INVALID_XPATH_SELECTOR_RETURN_TYPER\n        ):\n            exception_class = InvalidSelectorException\n        elif status in ErrorCode.ELEMENT_IS_NOT_SELECTABLE:\n            exception_class = ElementNotSelectableException\n        elif status in ErrorCode.ELEMENT_NOT_INTERACTABLE:\n            exception_class = ElementNotInteractableException\n        elif status in ErrorCode.INVALID_COOKIE_DOMAIN:\n            exception_class = InvalidCookieDomainException\n        elif status in ErrorCode.UNABLE_TO_SET_COOKIE:\n            exception_class = UnableToSetCookieException\n        elif status in ErrorCode.TIMEOUT:\n            exception_class = TimeoutException\n        elif status in ErrorCode.SCRIPT_TIMEOUT:\n            exception_class = TimeoutException\n        elif status in ErrorCode.UNKNOWN_ERROR:\n            exception_class = WebDriverException\n        elif status in ErrorCode.UNEXPECTED_ALERT_OPEN:\n            exception_class = UnexpectedAlertPresentException\n        elif status in ErrorCode.NO_ALERT_OPEN:\n            exception_class = NoAlertPresentException\n        elif status in ErrorCode.IME_NOT_AVAILABLE:\n            exception_class = ImeNotAvailableException\n        elif status in ErrorCode.IME_ENGINE_ACTIVATION_FAILED:\n            exception_class = ImeActivationFailedException\n        elif status in ErrorCode.MOVE_TARGET_OUT_OF_BOUNDS:\n            exception_class = MoveTargetOutOfBoundsException\n        elif status in ErrorCode.JAVASCRIPT_ERROR:\n            exception_class = JavascriptException\n        elif status in ErrorCode.SESSION_NOT_CREATED:\n            exception_class = SessionNotCreatedException\n        elif status in ErrorCode.INVALID_ARGUMENT:\n            exception_class = InvalidArgumentException\n        elif status in ErrorCode.NO_SUCH_COOKIE:\n            exception_class = NoSuchCookieException\n        elif status in ErrorCode.UNABLE_TO_CAPTURE_SCREEN:\n            exception_class = ScreenshotException\n        elif status in ErrorCode.ELEMENT_CLICK_INTERCEPTED:\n            exception_class = ElementClickInterceptedException\n        elif status in ErrorCode.INSECURE_CERTIFICATE:\n            exception_class = InsecureCertificateException\n        elif status in ErrorCode.INVALID_COORDINATES:\n            exception_class = InvalidCoordinatesException\n        elif status in ErrorCode.INVALID_SESSION_ID:\n            exception_class = InvalidSessionIdException\n        elif status in ErrorCode.UNKNOWN_METHOD:\n            exception_class = UnknownMethodException\n        else:\n            exception_class = WebDriverException\n        if not value:\n            value = response[\"value\"]\n        if isinstance(value, str):\n            raise exception_class(value)\n        if message == \"\" and \"message\" in value:\n            message = value[\"message\"]\n    \n        screen = None  # type: ignore[assignment]\n        if \"screen\" in value:\n            screen = value[\"screen\"]\n    \n        stacktrace = None\n        st_value = value.get(\"stackTrace\") or value.get(\"stacktrace\")\n        if st_value:\n            if isinstance(st_value, str):\n                stacktrace = st_value.split(\"\\n\")\n            else:\n                stacktrace = []\n                try:\n                    for frame in st_value:\n                        line = frame.get(\"lineNumber\", \"\")\n                        file = frame.get(\"fileName\", \"<anonymous>\")\n                        if line:\n                            file = f\"{file}:{line}\"\n                        meth = frame.get(\"methodName\", \"<anonymous>\")\n                        if \"className\" in frame:\n                            meth = f\"{frame['className']}.{meth}\"\n                        msg = \"    at %s (%s)\"\n                        msg = msg % (meth, file)\n                        stacktrace.append(msg)\n                except TypeError:\n                    pass\n        if exception_class == UnexpectedAlertPresentException:\n            alert_text = None\n            if \"data\" in value:\n                alert_text = value[\"data\"].get(\"text\")\n            elif \"alert\" in value:\n                alert_text = value[\"alert\"].get(\"text\")\n            raise exception_class(message, screen, stacktrace, alert_text)  # type: ignore[call-arg]  # mypy is not smart enough here\n>       raise exception_class(message, screen, stacktrace)\nE       selenium.common.exceptions.ElementClickInterceptedException: Message: element click intercepted: Element <svg class=\"MuiSvgIcon-root MuiSvgIcon-fontSizeMedium css-vubbuv\" focusable=\"false\" aria-hidden=\"true\" viewBox=\"0 0 24 24\" data-testid=\"CancelIcon\" id=\"cancel-uploaded-file\" style=\"cursor: pointer; margin-bottom: 70px; fill: rgba(0, 0, 0, 0.48);\">...</svg> is not clickable at point (947, 49). Other element would receive the click: <div class=\"d-flex align-items-center MuiBox-root css-0\">...</div>\nE         (Session info: chrome=114.0.5735.90)\nE       Stacktrace:\nE       0   chromedriver                        0x0000000102ba36b8 chromedriver + 4937400\nE       1   chromedriver                        0x0000000102b9ab73 chromedriver + 4901747\nE       2   chromedriver                        0x0000000102758616 chromedriver + 435734\nE       3   chromedriver                        0x00000001027a3b97 chromedriver + 744343\nE       4   chromedriver                        0x00000001027a1450 chromedriver + 734288\nE       5   chromedriver                        0x000000010279ea84 chromedriver + 723588\nE       6   chromedriver                        0x000000010279dbe4 chromedriver + 719844\nE       7   chromedriver                        0x00000001027901e1 chromedriver + 664033\nE       8   chromedriver                        0x00000001027c0012 chromedriver + 860178\nE       9   chromedriver                        0x000000010278f9c1 chromedriver + 661953\nE       10  chromedriver                        0x00000001027c01ce chromedriver + 860622\nE       11  chromedriver                        0x00000001027dae76 chromedriver + 970358\nE       12  chromedriver                        0x00000001027bfde3 chromedriver + 859619\nE       13  chromedriver                        0x000000010278dd7f chromedriver + 654719\nE       14  chromedriver                        0x000000010278f0de chromedriver + 659678\nE       15  chromedriver                        0x0000000102b5f2ad chromedriver + 4657837\nE       16  chromedriver                        0x0000000102b64130 chromedriver + 4677936\nE       17  chromedriver                        0x0000000102b6adef chromedriver + 4705775\nE       18  chromedriver                        0x0000000102b6505a chromedriver + 4681818\nE       19  chromedriver                        0x0000000102b3792c chromedriver + 4495660\nE       20  chromedriver                        0x0000000102b82838 chromedriver + 4802616\nE       21  chromedriver                        0x0000000102b829b7 chromedriver + 4802999\nE       22  chromedriver                        0x0000000102b9399f chromedriver + 4872607\nE       23  libsystem_pthread.dylib             0x00007ff8123ef1d3 _pthread_start + 125\nE       24  libsystem_pthread.dylib             0x00007ff8123eabd3 thread_start + 15\n\n../venv/lib/python3.10/site-packages/selenium/webdriver/remote/errorhandler.py:245: ElementClickInterceptedException"}, "description": "Testing Organization Setting Page", "parameters": [{"name": "init_driver", "value": "'chrome'"}], "start": 1690803147777, "stop": 1690803210599, "uuid": "25981610-36f4-4f78-82e6-334328e3b8ef", "historyId": "305d076b6d5bd9f56dcc65f6993c0158", "testCaseId": "7355e96ac91a4b435efda2f802cdbf07", "fullName": "test_settingspage.Test_Settings_page#test_update_organization_settings_page", "labels": [{"name": "severity", "value": "critical"}, {"name": "tag", "value": "@pytest.mark.usefixtures('init_driver')"}, {"name": "suite", "value": "test_settingspage"}, {"name": "subSuite", "value": "Test_Settings_page"}, {"name": "host", "value": "Shaiks-MacBook-Pro.local"}, {"name": "thread", "value": "60213-MainThread"}, {"name": "framework", "value": "pytest"}, {"name": "language", "value": "cpython3"}, {"name": "package", "value": "test_settingspage"}]}