{"name": "test_Admin_adding_participant[chrome]", "status": "broken", "statusDetails": {"message": "selenium.common.exceptions.TimeoutException: Message: \nStacktrace:\n0   chromedriver                        0x00000001008566b8 chromedriver + 4937400\n1   chromedriver                        0x000000010084db73 chromedriver + 4901747\n2   chromedriver                        0x000000010040b616 chromedriver + 435734\n3   chromedriver                        0x000000010044ee0f chromedriver + 712207\n4   chromedriver                        0x000000010044f0a1 chromedriver + 712865\n5   chromedriver                        0x00000001004909a4 chromedriver + 981412\n6   chromedriver                        0x000000010047303d chromedriver + 860221\n7   chromedriver                        0x000000010048de76 chromedriver + 970358\n8   chromedriver                        0x0000000100472de3 chromedriver + 859619\n9   chromedriver                        0x0000000100440d7f chromedriver + 654719\n10  chromedriver                        0x00000001004420de chromedriver + 659678\n11  chromedriver                        0x00000001008122ad chromedriver + 4657837\n12  chromedriver                        0x0000000100817130 chromedriver + 4677936\n13  chromedriver                        0x000000010081ddef chromedriver + 4705775\n14  chromedriver                        0x000000010081805a chromedriver + 4681818\n15  chromedriver                        0x00000001007ea92c chromedriver + 4495660\n16  chromedriver                        0x0000000100835838 chromedriver + 4802616\n17  chromedriver                        0x00000001008359b7 chromedriver + 4802999\n18  chromedriver                        0x000000010084699f chromedriver + 4872607\n19  libsystem_pthread.dylib             0x00007ff815e971d3 _pthread_start + 125\n20  libsystem_pthread.dylib             0x00007ff815e92bd3 thread_start + 15", "trace": "self = <Testcases.test_addparticipantpage.Test_add_participant object at 0x10454edd0>\n\n    @allure.description(\"Testing Admin Adding Participant\")\n    @allure.severity(allure.severity_level.CRITICAL)\n    def test_Admin_adding_participant(self):\n        self.loginpage = Loginpage(self.driver)\n        sleep(2)\n        self.driver.execute_script(\"window.localStorage.clear();\")\n        self.driver.maximize_window()\n        self.loginpage.do_click(Loginpage.LOGIN_AS_ADMIN_BUTTON)\n        sleep(2)\n        self.loginpage.do_click(Loginpage.USERNAME_FIELD)\n        self.loginpage.do_sendkeys(Loginpage.USERNAME_FIELD, Testdata.USER_NAME)\n        self.loginpage.do_click(Loginpage.SEND_OTP_BUTTON)\n        sleep(2)\n        self.loginpage.do_click(Loginpage.ENTER_OTP)\n        self.loginpage.do_sendkeys(Loginpage.ENTER_OTP, Testdata.OTP)\n        self.loginpage.do_click(Loginpage.VERIFY_OTP_BUTTON)\n        sleep(2)\n        self.participant_page = Participant_page(self.driver)\n        self.driver.maximize_window()\n        self.participant_page.do_click(Participant_page.PARTICIPANTS_BUTTON)\n        sleep(2)\n        self.participant_page.do_click(Participant_page.PARTICIPANT_BUTTON)\n        sleep(2)\n        self.participant_page.do_click(Participant_page.PARTICIPANT_CARD_BUTTON)\n        sleep(1)\n        self.participant_page.do_click(Participant_page.ORGANIZATION_NAME_FIELD)\n        sleep(2)\n        self.participant_page.do_sendkeys(Participant_page.ORGANIZATION_NAME_FIELD, Testdata.ORGANIZATION_NAME)\n        sleep(1)\n        self.participant_page.do_click(Participant_page.ORGANIZATION_EMAIL_ID_FIELD)\n        self.participant_page.do_sendkeys(Participant_page.ORGANIZATION_EMAIL_ID_FIELD, Testdata.ORGANIZATION_EMAIL_ID)\n        sleep(2)\n        self.participant_page.do_click(Participant_page.ORGANIZATION_WEBSITE_LINK)\n        self.participant_page.do_sendkeys(Participant_page.ORGANIZATION_WEBSITE_LINK,\n                                          Testdata.ORGANIZATION_WEBSITE_LINK)\n        self.participant_page.do_click(Participant_page.ORGANIZATION_ADDRESS)\n        self.participant_page.do_sendkeys(Participant_page.ORGANIZATION_ADDRESS, Testdata.ORGANIZATION_ADDRESS)\n        self.participant_page.do_click(Participant_page.COUNTRY_DROP_DOWN)\n        sleep(1)\n        self.participant_page.do_click(Participant_page.SELECT_COUNTRY)\n        self.participant_page.do_click(Participant_page.PINCODE_FIELD)\n        self.participant_page.do_sendkeys(Participant_page.PINCODE_FIELD, Testdata.PINCODE)\n        sleep(2)\n        self.driver.execute_script(\"window.scrollBy(0,500);\")\n        sleep(2)\n        self.participant_page.do_click(Participant_page.FIRST_NAME_FIELD)\n        self.participant_page.do_sendkeys(Participant_page.FIRST_NAME_FIELD, Testdata.FIRST_NAME)\n        self.participant_page.do_click(Participant_page.LAST_NAME_FIELD)\n        self.participant_page.do_sendkeys(Participant_page.LAST_NAME_FIELD, Testdata.LAST_NAME)\n        self.participant_page.do_click(Participant_page.ORGANIZATION_ROOT_USER_EMAIL_ID_FIELD)\n        self.participant_page.do_sendkeys(Participant_page.ORGANIZATION_ROOT_USER_EMAIL_ID_FIELD,\n                                          Testdata.ORGANIZATION_ROOT_USER_EMAIL_ID_2)\n        self.participant_page.do_click(Participant_page.ORGANIZATION_CONTACT_NUMBER)\n        self.participant_page.do_sendkeys(Participant_page.ORGANIZATION_CONTACT_NUMBER, Testdata.CONTACT_NUMBER)\n        sleep(3)\n        self.participant_page.do_click(Participant_page.SUBMIT_BUTTON)\n        sleep(5)\n>       self.participant_page.do_click(Participant_page.PARTICIPANT_BUTTON)\n\ntest_addparticipantpage.py:276: \n_ _ _ _ _ _ _ _ _ _ _ _ _ _ _ _ _ _ _ _ _ _ _ _ _ _ _ _ _ _ _ _ _ _ _ _ _ _ _ _ _ _ _ _ _ _ _ _ _ _ _ _ _ _ _ _ _ _ _ _ _ _ _ _ _ _ _ _ _ _ _ _ _ _ _ _ _ _ _ _ _ _ _ _ _ \n../Pageobjects/Basepage.py:20: in do_click\n    element = wait.until(EC.visibility_of_element_located(by_locator))\n_ _ _ _ _ _ _ _ _ _ _ _ _ _ _ _ _ _ _ _ _ _ _ _ _ _ _ _ _ _ _ _ _ _ _ _ _ _ _ _ _ _ _ _ _ _ _ _ _ _ _ _ _ _ _ _ _ _ _ _ _ _ _ _ _ _ _ _ _ _ _ _ _ _ _ _ _ _ _ _ _ _ _ _ _ \n\nself = <selenium.webdriver.support.wait.WebDriverWait (session=\"d36de78977dc05ec5b6b389f441c45aa\")>\nmethod = <function visibility_of_element_located.<locals>._predicate at 0x10464ad40>, message = ''\n\n    def until(self, method, message: str = \"\"):\n        \"\"\"Calls the method provided with the driver as an argument until the \\\n        return value does not evaluate to ``False``.\n    \n        :param method: callable(WebDriver)\n        :param message: optional message for :exc:`TimeoutException`\n        :returns: the result of the last call to `method`\n        :raises: :exc:`selenium.common.exceptions.TimeoutException` if timeout occurs\n        \"\"\"\n        screen = None\n        stacktrace = None\n    \n        end_time = time.monotonic() + self._timeout\n        while True:\n            try:\n                value = method(self._driver)\n                if value:\n                    return value\n            except self._ignored_exceptions as exc:\n                screen = getattr(exc, \"screen\", None)\n                stacktrace = getattr(exc, \"stacktrace\", None)\n            time.sleep(self._poll)\n            if time.monotonic() > end_time:\n                break\n>       raise TimeoutException(message, screen, stacktrace)\nE       selenium.common.exceptions.TimeoutException: Message: \nE       Stacktrace:\nE       0   chromedriver                        0x00000001008566b8 chromedriver + 4937400\nE       1   chromedriver                        0x000000010084db73 chromedriver + 4901747\nE       2   chromedriver                        0x000000010040b616 chromedriver + 435734\nE       3   chromedriver                        0x000000010044ee0f chromedriver + 712207\nE       4   chromedriver                        0x000000010044f0a1 chromedriver + 712865\nE       5   chromedriver                        0x00000001004909a4 chromedriver + 981412\nE       6   chromedriver                        0x000000010047303d chromedriver + 860221\nE       7   chromedriver                        0x000000010048de76 chromedriver + 970358\nE       8   chromedriver                        0x0000000100472de3 chromedriver + 859619\nE       9   chromedriver                        0x0000000100440d7f chromedriver + 654719\nE       10  chromedriver                        0x00000001004420de chromedriver + 659678\nE       11  chromedriver                        0x00000001008122ad chromedriver + 4657837\nE       12  chromedriver                        0x0000000100817130 chromedriver + 4677936\nE       13  chromedriver                        0x000000010081ddef chromedriver + 4705775\nE       14  chromedriver                        0x000000010081805a chromedriver + 4681818\nE       15  chromedriver                        0x00000001007ea92c chromedriver + 4495660\nE       16  chromedriver                        0x0000000100835838 chromedriver + 4802616\nE       17  chromedriver                        0x00000001008359b7 chromedriver + 4802999\nE       18  chromedriver                        0x000000010084699f chromedriver + 4872607\nE       19  libsystem_pthread.dylib             0x00007ff815e971d3 _pthread_start + 125\nE       20  libsystem_pthread.dylib             0x00007ff815e92bd3 thread_start + 15\n\n../venv/lib/python3.10/site-packages/selenium/webdriver/support/wait.py:95: TimeoutException"}, "description": "Testing Admin Adding Participant", "parameters": [{"name": "init_driver", "value": "'chrome'"}], "start": 1690442208967, "stop": 1690442280069, "uuid": "b57b7322-3993-4f57-81de-b7c0fc781386", "historyId": "30e18ce24030019faef506eeba8ef357", "testCaseId": "9eca89740c2519b7e006d1deb47ba1c3", "fullName": "test_addparticipantpage.Test_add_participant#test_Admin_adding_participant", "labels": [{"name": "severity", "value": "critical"}, {"name": "tag", "value": "@pytest.mark.usefixtures('init_driver')"}, {"name": "suite", "value": "test_addparticipantpage"}, {"name": "subSuite", "value": "Test_add_participant"}, {"name": "host", "value": "Shaiks-MacBook-Pro.local"}, {"name": "thread", "value": "4787-MainThread"}, {"name": "framework", "value": "pytest"}, {"name": "language", "value": "cpython3"}, {"name": "package", "value": "test_addparticipantpage"}]}