{"name": "test_Home_page_title[chrome]", "status": "broken", "statusDetails": {"message": "selenium.common.exceptions.WebDriverException: Message: 'chromedriver.exe' executable needs to be in PATH. Please see https://chromedriver.chromium.org/home", "trace": "self = <selenium.webdriver.chrome.service.Service object at 0x10678efe0>\n\n    def start(self) -> None:\n        \"\"\"Starts the Service.\n    \n        :Exceptions:\n         - WebDriverException : Raised either when it can't start the service\n           or when it can't connect to the service\n        \"\"\"\n        try:\n            self._start_process(self.path)\n        except WebDriverException as err:\n            if \"executable needs to be in PATH\" in err.msg:\n                logger.debug(\"driver not found in PATH, trying Selenium Manager\")\n                browser = self.__class__.__module__.split(\".\")[-2]\n    \n                try:\n>                   path = SeleniumManager().driver_location(browser)\n\n../venv/lib/python3.10/site-packages/selenium/webdriver/common/service.py:95: \n_ _ _ _ _ _ _ _ _ _ _ _ _ _ _ _ _ _ _ _ _ _ _ _ _ _ _ _ _ _ _ _ _ _ _ _ _ _ _ _ _ _ _ _ _ _ _ _ _ _ _ _ _ _ _ _ _ _ _ _ _ _ _ _ _ _ _ _ _ _ _ _ _ _ _ _ _ _ _ _ _ _ _ _ _ \n\nself = <selenium.webdriver.common.selenium_manager.SeleniumManager object at 0x10678df00>, browser = 'chrome'\n\n    def driver_location(self, browser: str) -> str:\n        \"\"\"\n        Determines the path of the correct driver.\n        :Args:\n         - browser: which browser to get the driver path for.\n        :Returns: The driver path to use\n        \"\"\"\n        allowed = (\"chrome\", \"firefox\", \"edge\", \"ie\")\n        if browser not in allowed:\n            raise SeleniumManagerException(f\"{browser} is not a valid browser.  Choose one of: {allowed}\")\n    \n        if browser == \"ie\":\n            browser = \"iexplorer\"\n    \n        binary, flag, browser = str(self.get_binary()), \"--browser\", browser\n>       result = self.run((binary, flag, browser))\n\n../venv/lib/python3.10/site-packages/selenium/webdriver/common/selenium_manager.py:74: \n_ _ _ _ _ _ _ _ _ _ _ _ _ _ _ _ _ _ _ _ _ _ _ _ _ _ _ _ _ _ _ _ _ _ _ _ _ _ _ _ _ _ _ _ _ _ _ _ _ _ _ _ _ _ _ _ _ _ _ _ _ _ _ _ _ _ _ _ _ _ _ _ _ _ _ _ _ _ _ _ _ _ _ _ _ \n\nargs = ('/Users/shaikmohamedimran/IdeaProjects/Farmstack 2.0/venv/lib/python3.10/site-packages/selenium/webdriver/common/macos/selenium-manager', '--browser', 'chrome')\n\n    @staticmethod\n    def run(args: Tuple[str, str, str]) -> str:\n        \"\"\"\n        Executes the Selenium Manager Binary.\n        :Args:\n         - args: the components of the command being executed.\n        :Returns: The log string containing the driver location.\n        \"\"\"\n        command = \" \".join(args)\n        logger.debug(f\"Executing: {command}\")\n        completed_proc = subprocess.run(args, stdout=subprocess.PIPE, stderr=subprocess.PIPE)\n        stdout = completed_proc.stdout.decode(\"utf-8\").rstrip(\"\\n\")\n        stderr = completed_proc.stderr.decode(\"utf-8\").rstrip(\"\\n\")\n        if completed_proc.returncode:\n>           raise SeleniumManagerException(f\"Selenium manager failed for: {command}.\\n{stdout}{stderr}\")\nE           selenium.common.exceptions.SeleniumManagerException: Message: Selenium manager failed for: /Users/shaikmohamedimran/IdeaProjects/Farmstack 2.0/venv/lib/python3.10/site-packages/selenium/webdriver/common/macos/selenium-manager --browser chrome.\nE           ERROR\tWrong browser/driver version\n\n../venv/lib/python3.10/site-packages/selenium/webdriver/common/selenium_manager.py:93: SeleniumManagerException\n\nDuring handling of the above exception, another exception occurred:\n\nrequest = <SubRequest 'init_driver' for <Function test_Home_page_title[chrome]>>\n\n    @pytest.fixture(params=[\"chrome\"], scope='class')\n    def init_driver(request):\n        driver = None\n        if request.param == \"chrome\":\n            # Path to the ChromeDriver executable\n            chrome_driver_path = Testdata.CHROME_EXECUTABLE_PATH\n    \n            # Create a Service object\n            chrome_service = Service(executable_path=chrome_driver_path)\n    \n            # Launch ChromeDriver using the Service object\n>           driver = webdriver.Chrome(service=chrome_service)\n\nconfitest.py:18: \n_ _ _ _ _ _ _ _ _ _ _ _ _ _ _ _ _ _ _ _ _ _ _ _ _ _ _ _ _ _ _ _ _ _ _ _ _ _ _ _ _ _ _ _ _ _ _ _ _ _ _ _ _ _ _ _ _ _ _ _ _ _ _ _ _ _ _ _ _ _ _ _ _ _ _ _ _ _ _ _ _ _ _ _ _ \n../venv/lib/python3.10/site-packages/selenium/webdriver/chrome/webdriver.py:80: in __init__\n    super().__init__(\n../venv/lib/python3.10/site-packages/selenium/webdriver/chromium/webdriver.py:101: in __init__\n    self.service.start()\n../venv/lib/python3.10/site-packages/selenium/webdriver/common/service.py:98: in start\n    raise err\n../venv/lib/python3.10/site-packages/selenium/webdriver/common/service.py:88: in start\n    self._start_process(self.path)\n_ _ _ _ _ _ _ _ _ _ _ _ _ _ _ _ _ _ _ _ _ _ _ _ _ _ _ _ _ _ _ _ _ _ _ _ _ _ _ _ _ _ _ _ _ _ _ _ _ _ _ _ _ _ _ _ _ _ _ _ _ _ _ _ _ _ _ _ _ _ _ _ _ _ _ _ _ _ _ _ _ _ _ _ _ \n\nself = <selenium.webdriver.chrome.service.Service object at 0x10678efe0>, path = '/Users/shaikmohamedimran/Desktop/D/Web drivers/chromedriver.exe'\n\n    def _start_process(self, path: str) -> None:\n        \"\"\"Creates a subprocess by executing the command provided.\n    \n        :param cmd: full command to execute\n        \"\"\"\n        cmd = [path]\n        cmd.extend(self.command_line_args())\n        try:\n            self.process = subprocess.Popen(\n                cmd,\n                env=self.env,\n                close_fds=system() != \"Windows\",\n                stdout=self.log_file,\n                stderr=self.log_file,\n                stdin=PIPE,\n                creationflags=self.creation_flags,\n            )\n            logger.debug(f\"Started executable: `{self.path}` in a child process with pid: {self.process.pid}\")\n        except TypeError:\n            raise\n        except OSError as err:\n            if err.errno == errno.ENOENT:\n>               raise WebDriverException(\n                    f\"'{os.path.basename(self.path)}' executable needs to be in PATH. {self.start_error_message}\"\nE                   selenium.common.exceptions.WebDriverException: Message: 'chromedriver.exe' executable needs to be in PATH. Please see https://chromedriver.chromium.org/home\n\n../venv/lib/python3.10/site-packages/selenium/webdriver/common/service.py:209: WebDriverException"}, "description": "Testing Homepage Title", "parameters": [{"name": "init_driver", "value": "'chrome'"}], "start": 1690363145436, "stop": 1690363145436, "uuid": "7e20194d-b915-4f83-9e55-9709c2bdd51b", "historyId": "0cfeb67cbd1befed914b3537153e1672", "testCaseId": "2aae728f2a9e28effda852d8d7a7f062", "fullName": "test_loginpage.Test_login#test_Home_page_title", "labels": [{"name": "severity", "value": "critical"}, {"name": "tag", "value": "@pytest.mark.usefixtures('init_driver')"}, {"name": "tag", "value": "flaky(reruns=5)"}, {"name": "suite", "value": "test_loginpage"}, {"name": "subSuite", "value": "Test_login"}, {"name": "host", "value": "Shaiks-MacBook-Pro.local"}, {"name": "thread", "value": "5848-MainThread"}, {"name": "framework", "value": "pytest"}, {"name": "language", "value": "cpython3"}, {"name": "package", "value": "test_loginpage"}]}