{"name": "test_add_policy_settings_page[chrome]", "status": "broken", "statusDetails": {"message": "selenium.common.exceptions.TimeoutException: Message: \nStacktrace:\n0   chromedriver                        0x00000001006806b8 chromedriver + 4937400\n1   chromedriver                        0x0000000100677b73 chromedriver + 4901747\n2   chromedriver                        0x0000000100235616 chromedriver + 435734\n3   chromedriver                        0x0000000100278e0f chromedriver + 712207\n4   chromedriver                        0x00000001002790a1 chromedriver + 712865\n5   chromedriver                        0x00000001002ba9a4 chromedriver + 981412\n6   chromedriver                        0x000000010029d03d chromedriver + 860221\n7   chromedriver                        0x00000001002b7e76 chromedriver + 970358\n8   chromedriver                        0x000000010029cde3 chromedriver + 859619\n9   chromedriver                        0x000000010026ad7f chromedriver + 654719\n10  chromedriver                        0x000000010026c0de chromedriver + 659678\n11  chromedriver                        0x000000010063c2ad chromedriver + 4657837\n12  chromedriver                        0x0000000100641130 chromedriver + 4677936\n13  chromedriver                        0x0000000100647def chromedriver + 4705775\n14  chromedriver                        0x000000010064205a chromedriver + 4681818\n15  chromedriver                        0x000000010061492c chromedriver + 4495660\n16  chromedriver                        0x000000010065f838 chromedriver + 4802616\n17  chromedriver                        0x000000010065f9b7 chromedriver + 4802999\n18  chromedriver                        0x000000010067099f chromedriver + 4872607\n19  libsystem_pthread.dylib             0x00007ff80701b1d3 _pthread_start + 125\n20  libsystem_pthread.dylib             0x00007ff807016bd3 thread_start + 15", "trace": "self = <Testcases.test_settingspage.Test_Settings_page object at 0x106e51a50>\n\n    @allure.description(\"Testing Policy Settings Page\")\n    @allure.severity(allure.severity_level.CRITICAL)\n    def test_add_policy_settings_page(self):\n        self.loginpage = Loginpage(self.driver)\n        self.driver.maximize_window()\n>       self.loginpage.do_click(Loginpage.LOGIN_AS_ADMIN_BUTTON)\n\ntest_settingspage.py:150: \n_ _ _ _ _ _ _ _ _ _ _ _ _ _ _ _ _ _ _ _ _ _ _ _ _ _ _ _ _ _ _ _ _ _ _ _ _ _ _ _ _ _ _ _ _ _ _ _ _ _ _ _ _ _ _ _ _ _ _ _ _ _ _ _ _ _ _ _ _ _ _ _ _ _ _ _ _ _ _ _ _ _ _ _ _ \n../Pageobjects/Basepage.py:20: in do_click\n    element = wait.until(EC.visibility_of_element_located(by_locator))\n_ _ _ _ _ _ _ _ _ _ _ _ _ _ _ _ _ _ _ _ _ _ _ _ _ _ _ _ _ _ _ _ _ _ _ _ _ _ _ _ _ _ _ _ _ _ _ _ _ _ _ _ _ _ _ _ _ _ _ _ _ _ _ _ _ _ _ _ _ _ _ _ _ _ _ _ _ _ _ _ _ _ _ _ _ \n\nself = <selenium.webdriver.support.wait.WebDriverWait (session=\"a72ab1629f3980e9fefcc587374d9640\")>\nmethod = <function visibility_of_element_located.<locals>._predicate at 0x106fe1fc0>, message = ''\n\n    def until(self, method, message: str = \"\"):\n        \"\"\"Calls the method provided with the driver as an argument until the \\\n        return value does not evaluate to ``False``.\n    \n        :param method: callable(WebDriver)\n        :param message: optional message for :exc:`TimeoutException`\n        :returns: the result of the last call to `method`\n        :raises: :exc:`selenium.common.exceptions.TimeoutException` if timeout occurs\n        \"\"\"\n        screen = None\n        stacktrace = None\n    \n        end_time = time.monotonic() + self._timeout\n        while True:\n            try:\n                value = method(self._driver)\n                if value:\n                    return value\n            except self._ignored_exceptions as exc:\n                screen = getattr(exc, \"screen\", None)\n                stacktrace = getattr(exc, \"stacktrace\", None)\n            time.sleep(self._poll)\n            if time.monotonic() > end_time:\n                break\n>       raise TimeoutException(message, screen, stacktrace)\nE       selenium.common.exceptions.TimeoutException: Message: \nE       Stacktrace:\nE       0   chromedriver                        0x00000001006806b8 chromedriver + 4937400\nE       1   chromedriver                        0x0000000100677b73 chromedriver + 4901747\nE       2   chromedriver                        0x0000000100235616 chromedriver + 435734\nE       3   chromedriver                        0x0000000100278e0f chromedriver + 712207\nE       4   chromedriver                        0x00000001002790a1 chromedriver + 712865\nE       5   chromedriver                        0x00000001002ba9a4 chromedriver + 981412\nE       6   chromedriver                        0x000000010029d03d chromedriver + 860221\nE       7   chromedriver                        0x00000001002b7e76 chromedriver + 970358\nE       8   chromedriver                        0x000000010029cde3 chromedriver + 859619\nE       9   chromedriver                        0x000000010026ad7f chromedriver + 654719\nE       10  chromedriver                        0x000000010026c0de chromedriver + 659678\nE       11  chromedriver                        0x000000010063c2ad chromedriver + 4657837\nE       12  chromedriver                        0x0000000100641130 chromedriver + 4677936\nE       13  chromedriver                        0x0000000100647def chromedriver + 4705775\nE       14  chromedriver                        0x000000010064205a chromedriver + 4681818\nE       15  chromedriver                        0x000000010061492c chromedriver + 4495660\nE       16  chromedriver                        0x000000010065f838 chromedriver + 4802616\nE       17  chromedriver                        0x000000010065f9b7 chromedriver + 4802999\nE       18  chromedriver                        0x000000010067099f chromedriver + 4872607\nE       19  libsystem_pthread.dylib             0x00007ff80701b1d3 _pthread_start + 125\nE       20  libsystem_pthread.dylib             0x00007ff807016bd3 thread_start + 15\n\n../venv/lib/python3.10/site-packages/selenium/webdriver/support/wait.py:95: TimeoutException"}, "description": "Testing Policy Settings Page", "parameters": [{"name": "init_driver", "value": "'chrome'"}], "start": 1690741368574, "stop": 1690741381822, "uuid": "ae988947-761c-46d1-8349-bda118fb521c", "historyId": "3c99c5a5f29dfc1eb99e283d579d1cb4", "testCaseId": "97726b12b5f46d71378a00f71e251945", "fullName": "test_settingspage.Test_Settings_page#test_add_policy_settings_page", "labels": [{"name": "severity", "value": "critical"}, {"name": "tag", "value": "@pytest.mark.usefixtures('init_driver')"}, {"name": "suite", "value": "test_settingspage"}, {"name": "subSuite", "value": "Test_Settings_page"}, {"name": "host", "value": "Shaiks-MacBook-Pro.local"}, {"name": "thread", "value": "48248-MainThread"}, {"name": "framework", "value": "pytest"}, {"name": "language", "value": "cpython3"}, {"name": "package", "value": "test_settingspage"}]}