{"name": "test_update_organization_settings_page[chrome]", "status": "broken", "statusDetails": {"message": "selenium.common.exceptions.TimeoutException: Message: \nStacktrace:\n0   chromedriver                        0x0000000100f6e6b8 chromedriver + 4937400\n1   chromedriver                        0x0000000100f65b73 chromedriver + 4901747\n2   chromedriver                        0x0000000100b23616 chromedriver + 435734\n3   chromedriver                        0x0000000100b66e0f chromedriver + 712207\n4   chromedriver                        0x0000000100b670a1 chromedriver + 712865\n5   chromedriver                        0x0000000100ba89a4 chromedriver + 981412\n6   chromedriver                        0x0000000100b8b03d chromedriver + 860221\n7   chromedriver                        0x0000000100ba5e76 chromedriver + 970358\n8   chromedriver                        0x0000000100b8ade3 chromedriver + 859619\n9   chromedriver                        0x0000000100b58d7f chromedriver + 654719\n10  chromedriver                        0x0000000100b5a0de chromedriver + 659678\n11  chromedriver                        0x0000000100f2a2ad chromedriver + 4657837\n12  chromedriver                        0x0000000100f2f130 chromedriver + 4677936\n13  chromedriver                        0x0000000100f35def chromedriver + 4705775\n14  chromedriver                        0x0000000100f3005a chromedriver + 4681818\n15  chromedriver                        0x0000000100f0292c chromedriver + 4495660\n16  chromedriver                        0x0000000100f4d838 chromedriver + 4802616\n17  chromedriver                        0x0000000100f4d9b7 chromedriver + 4802999\n18  chromedriver                        0x0000000100f5e99f chromedriver + 4872607\n19  libsystem_pthread.dylib             0x00007ff808afb1d3 _pthread_start + 125\n20  libsystem_pthread.dylib             0x00007ff808af6bd3 thread_start + 15", "trace": "self = <Testcases.test_settingspage.Test_Settings_page object at 0x102ea1a20>\n\n    @allure.description(\"Testing Organization Setting Page\")\n    @allure.severity(allure.severity_level.CRITICAL)\n    def test_update_organization_settings_page(self):\n        self.loginpage = Loginpage(self.driver)\n        sleep(2)\n        self.driver.execute_script(\"window.localStorage.clear();\")\n        self.driver.maximize_window()\n>       self.loginpage.do_click(Loginpage.LOGIN_AS_ADMIN_BUTTON)\n\ntest_settingspage.py:71: \n_ _ _ _ _ _ _ _ _ _ _ _ _ _ _ _ _ _ _ _ _ _ _ _ _ _ _ _ _ _ _ _ _ _ _ _ _ _ _ _ _ _ _ _ _ _ _ _ _ _ _ _ _ _ _ _ _ _ _ _ _ _ _ _ _ _ _ _ _ _ _ _ _ _ _ _ _ _ _ _ _ _ _ _ _ \n../Pageobjects/Basepage.py:20: in do_click\n    element = wait.until(EC.visibility_of_element_located(by_locator))\n_ _ _ _ _ _ _ _ _ _ _ _ _ _ _ _ _ _ _ _ _ _ _ _ _ _ _ _ _ _ _ _ _ _ _ _ _ _ _ _ _ _ _ _ _ _ _ _ _ _ _ _ _ _ _ _ _ _ _ _ _ _ _ _ _ _ _ _ _ _ _ _ _ _ _ _ _ _ _ _ _ _ _ _ _ \n\nself = <selenium.webdriver.support.wait.WebDriverWait (session=\"98af4dae026d53bfecd22e5198f693c5\")>\nmethod = <function visibility_of_element_located.<locals>._predicate at 0x102f45870>, message = ''\n\n    def until(self, method, message: str = \"\"):\n        \"\"\"Calls the method provided with the driver as an argument until the \\\n        return value does not evaluate to ``False``.\n    \n        :param method: callable(WebDriver)\n        :param message: optional message for :exc:`TimeoutException`\n        :returns: the result of the last call to `method`\n        :raises: :exc:`selenium.common.exceptions.TimeoutException` if timeout occurs\n        \"\"\"\n        screen = None\n        stacktrace = None\n    \n        end_time = time.monotonic() + self._timeout\n        while True:\n            try:\n                value = method(self._driver)\n                if value:\n                    return value\n            except self._ignored_exceptions as exc:\n                screen = getattr(exc, \"screen\", None)\n                stacktrace = getattr(exc, \"stacktrace\", None)\n            time.sleep(self._poll)\n            if time.monotonic() > end_time:\n                break\n>       raise TimeoutException(message, screen, stacktrace)\nE       selenium.common.exceptions.TimeoutException: Message: \nE       Stacktrace:\nE       0   chromedriver                        0x0000000100f6e6b8 chromedriver + 4937400\nE       1   chromedriver                        0x0000000100f65b73 chromedriver + 4901747\nE       2   chromedriver                        0x0000000100b23616 chromedriver + 435734\nE       3   chromedriver                        0x0000000100b66e0f chromedriver + 712207\nE       4   chromedriver                        0x0000000100b670a1 chromedriver + 712865\nE       5   chromedriver                        0x0000000100ba89a4 chromedriver + 981412\nE       6   chromedriver                        0x0000000100b8b03d chromedriver + 860221\nE       7   chromedriver                        0x0000000100ba5e76 chromedriver + 970358\nE       8   chromedriver                        0x0000000100b8ade3 chromedriver + 859619\nE       9   chromedriver                        0x0000000100b58d7f chromedriver + 654719\nE       10  chromedriver                        0x0000000100b5a0de chromedriver + 659678\nE       11  chromedriver                        0x0000000100f2a2ad chromedriver + 4657837\nE       12  chromedriver                        0x0000000100f2f130 chromedriver + 4677936\nE       13  chromedriver                        0x0000000100f35def chromedriver + 4705775\nE       14  chromedriver                        0x0000000100f3005a chromedriver + 4681818\nE       15  chromedriver                        0x0000000100f0292c chromedriver + 4495660\nE       16  chromedriver                        0x0000000100f4d838 chromedriver + 4802616\nE       17  chromedriver                        0x0000000100f4d9b7 chromedriver + 4802999\nE       18  chromedriver                        0x0000000100f5e99f chromedriver + 4872607\nE       19  libsystem_pthread.dylib             0x00007ff808afb1d3 _pthread_start + 125\nE       20  libsystem_pthread.dylib             0x00007ff808af6bd3 thread_start + 15\n\n../venv/lib/python3.10/site-packages/selenium/webdriver/support/wait.py:95: TimeoutException"}, "description": "Testing Organization Setting Page", "parameters": [{"name": "init_driver", "value": "'chrome'"}], "start": 1690743636428, "stop": 1690743658287, "uuid": "10c0c4c0-7823-4aab-b200-dbfc398a39ce", "historyId": "305d076b6d5bd9f56dcc65f6993c0158", "testCaseId": "7355e96ac91a4b435efda2f802cdbf07", "fullName": "test_settingspage.Test_Settings_page#test_update_organization_settings_page", "labels": [{"name": "severity", "value": "critical"}, {"name": "tag", "value": "@pytest.mark.usefixtures('init_driver')"}, {"name": "suite", "value": "test_settingspage"}, {"name": "subSuite", "value": "Test_Settings_page"}, {"name": "host", "value": "Shaiks-MacBook-Pro.local"}, {"name": "thread", "value": "48824-MainThread"}, {"name": "framework", "value": "pytest"}, {"name": "language", "value": "cpython3"}, {"name": "package", "value": "test_settingspage"}]}