{"name": "test_adding_dataset_REST_API[chrome]", "status": "broken", "statusDetails": {"message": "selenium.common.exceptions.WebDriverException: Message: unknown error: net::ERR_CONNECTION_REFUSED\n  (Session info: chrome=114.0.5735.90)\nStacktrace:\n0   chromedriver                        0x00000001033c36b8 chromedriver + 4937400\n1   chromedriver                        0x00000001033bab73 chromedriver + 4901747\n2   chromedriver                        0x0000000102f78616 chromedriver + 435734\n3   chromedriver                        0x0000000102f700e1 chromedriver + 401633\n4   chromedriver                        0x0000000102f6073c chromedriver + 337724\n5   chromedriver                        0x0000000102f62241 chromedriver + 344641\n6   chromedriver                        0x0000000102f60b18 chromedriver + 338712\n7   chromedriver                        0x0000000102f5f8c9 chromedriver + 334025\n8   chromedriver                        0x0000000102f5f73c chromedriver + 333628\n9   chromedriver                        0x0000000102f5dfaa chromedriver + 327594\n10  chromedriver                        0x0000000102f5e38d chromedriver + 328589\n11  chromedriver                        0x0000000102f7a9c6 chromedriver + 444870\n12  chromedriver                        0x0000000102ffb531 chromedriver + 972081\n13  chromedriver                        0x0000000102fe0012 chromedriver + 860178\n14  chromedriver                        0x0000000102ffae76 chromedriver + 970358\n15  chromedriver                        0x0000000102fdfde3 chromedriver + 859619\n16  chromedriver                        0x0000000102fadd7f chromedriver + 654719\n17  chromedriver                        0x0000000102faf0de chromedriver + 659678\n18  chromedriver                        0x000000010337f2ad chromedriver + 4657837\n19  chromedriver                        0x0000000103384130 chromedriver + 4677936\n20  chromedriver                        0x000000010338adef chromedriver + 4705775\n21  chromedriver                        0x000000010338505a chromedriver + 4681818\n22  chromedriver                        0x000000010335792c chromedriver + 4495660\n23  chromedriver                        0x00000001033a2838 chromedriver + 4802616\n24  chromedriver                        0x00000001033a29b7 chromedriver + 4802999\n25  chromedriver                        0x00000001033b399f chromedriver + 4872607\n26  libsystem_pthread.dylib             0x00007ff8195471d3 _pthread_start + 125\n27  libsystem_pthread.dylib             0x00007ff819542bd3 thread_start + 15", "trace": "self = <Testcases.test_datasetpage.Test_datasetpage object at 0x103f915d0>\n\n    @allure.description(\"Testing Adding Dataset from Rest_API\")\n    @allure.severity(allure.severity_level.CRITICAL)\n    def test_adding_dataset_REST_API(self):\n>       self.loginpage = Loginpage(self.driver)\n\ntest_datasetpage.py:465: \n_ _ _ _ _ _ _ _ _ _ _ _ _ _ _ _ _ _ _ _ _ _ _ _ _ _ _ _ _ _ _ _ _ _ _ _ _ _ _ _ _ _ _ _ _ _ _ _ _ _ _ _ _ _ _ _ _ _ _ _ _ _ _ _ _ _ _ _ _ _ _ _ _ _ _ _ _ _ _ _ _ _ _ _ _ \n../Pageobjects/Loginpage.py:41: in __init__\n    self.driver.get(Testdata.BASEURL)\n../venv/lib/python3.10/site-packages/selenium/webdriver/remote/webdriver.py:449: in get\n    self.execute(Command.GET, {\"url\": url})\n../venv/lib/python3.10/site-packages/selenium/webdriver/remote/webdriver.py:440: in execute\n    self.error_handler.check_response(response)\n_ _ _ _ _ _ _ _ _ _ _ _ _ _ _ _ _ _ _ _ _ _ _ _ _ _ _ _ _ _ _ _ _ _ _ _ _ _ _ _ _ _ _ _ _ _ _ _ _ _ _ _ _ _ _ _ _ _ _ _ _ _ _ _ _ _ _ _ _ _ _ _ _ _ _ _ _ _ _ _ _ _ _ _ _ \n\nself = <selenium.webdriver.remote.errorhandler.ErrorHandler object at 0x103f91960>\nresponse = {'status': 500, 'value': '{\"value\":{\"error\":\"unknown error\",\"message\":\"unknown error: net::ERR_CONNECTION_REFUSED\\\\n  ...ff8195471d3 _pthread_start + 125\\\\n27  libsystem_pthread.dylib             0x00007ff819542bd3 thread_start + 15\\\\n\"}}'}\n\n    def check_response(self, response: Dict[str, Any]) -> None:\n        \"\"\"Checks that a JSON response from the WebDriver does not have an\n        error.\n    \n        :Args:\n         - response - The JSON response from the WebDriver server as a dictionary\n           object.\n    \n        :Raises: If the response contains an error message.\n        \"\"\"\n        status = response.get(\"status\", None)\n        if not status or status == ErrorCode.SUCCESS:\n            return\n        value = None\n        message = response.get(\"message\", \"\")\n        screen: str = response.get(\"screen\", \"\")\n        stacktrace = None\n        if isinstance(status, int):\n            value_json = response.get(\"value\", None)\n            if value_json and isinstance(value_json, str):\n                import json\n    \n                try:\n                    value = json.loads(value_json)\n                    if len(value.keys()) == 1:\n                        value = value[\"value\"]\n                    status = value.get(\"error\", None)\n                    if not status:\n                        status = value.get(\"status\", ErrorCode.UNKNOWN_ERROR)\n                        message = value.get(\"value\") or value.get(\"message\")\n                        if not isinstance(message, str):\n                            value = message\n                            message = message.get(\"message\")\n                    else:\n                        message = value.get(\"message\", None)\n                except ValueError:\n                    pass\n    \n        exception_class: Type[WebDriverException]\n        if status in ErrorCode.NO_SUCH_ELEMENT:\n            exception_class = NoSuchElementException\n        elif status in ErrorCode.NO_SUCH_FRAME:\n            exception_class = NoSuchFrameException\n        elif status in ErrorCode.NO_SUCH_SHADOW_ROOT:\n            exception_class = NoSuchShadowRootException\n        elif status in ErrorCode.NO_SUCH_WINDOW:\n            exception_class = NoSuchWindowException\n        elif status in ErrorCode.STALE_ELEMENT_REFERENCE:\n            exception_class = StaleElementReferenceException\n        elif status in ErrorCode.ELEMENT_NOT_VISIBLE:\n            exception_class = ElementNotVisibleException\n        elif status in ErrorCode.INVALID_ELEMENT_STATE:\n            exception_class = InvalidElementStateException\n        elif (\n            status in ErrorCode.INVALID_SELECTOR\n            or status in ErrorCode.INVALID_XPATH_SELECTOR\n            or status in ErrorCode.INVALID_XPATH_SELECTOR_RETURN_TYPER\n        ):\n            exception_class = InvalidSelectorException\n        elif status in ErrorCode.ELEMENT_IS_NOT_SELECTABLE:\n            exception_class = ElementNotSelectableException\n        elif status in ErrorCode.ELEMENT_NOT_INTERACTABLE:\n            exception_class = ElementNotInteractableException\n        elif status in ErrorCode.INVALID_COOKIE_DOMAIN:\n            exception_class = InvalidCookieDomainException\n        elif status in ErrorCode.UNABLE_TO_SET_COOKIE:\n            exception_class = UnableToSetCookieException\n        elif status in ErrorCode.TIMEOUT:\n            exception_class = TimeoutException\n        elif status in ErrorCode.SCRIPT_TIMEOUT:\n            exception_class = TimeoutException\n        elif status in ErrorCode.UNKNOWN_ERROR:\n            exception_class = WebDriverException\n        elif status in ErrorCode.UNEXPECTED_ALERT_OPEN:\n            exception_class = UnexpectedAlertPresentException\n        elif status in ErrorCode.NO_ALERT_OPEN:\n            exception_class = NoAlertPresentException\n        elif status in ErrorCode.IME_NOT_AVAILABLE:\n            exception_class = ImeNotAvailableException\n        elif status in ErrorCode.IME_ENGINE_ACTIVATION_FAILED:\n            exception_class = ImeActivationFailedException\n        elif status in ErrorCode.MOVE_TARGET_OUT_OF_BOUNDS:\n            exception_class = MoveTargetOutOfBoundsException\n        elif status in ErrorCode.JAVASCRIPT_ERROR:\n            exception_class = JavascriptException\n        elif status in ErrorCode.SESSION_NOT_CREATED:\n            exception_class = SessionNotCreatedException\n        elif status in ErrorCode.INVALID_ARGUMENT:\n            exception_class = InvalidArgumentException\n        elif status in ErrorCode.NO_SUCH_COOKIE:\n            exception_class = NoSuchCookieException\n        elif status in ErrorCode.UNABLE_TO_CAPTURE_SCREEN:\n            exception_class = ScreenshotException\n        elif status in ErrorCode.ELEMENT_CLICK_INTERCEPTED:\n            exception_class = ElementClickInterceptedException\n        elif status in ErrorCode.INSECURE_CERTIFICATE:\n            exception_class = InsecureCertificateException\n        elif status in ErrorCode.INVALID_COORDINATES:\n            exception_class = InvalidCoordinatesException\n        elif status in ErrorCode.INVALID_SESSION_ID:\n            exception_class = InvalidSessionIdException\n        elif status in ErrorCode.UNKNOWN_METHOD:\n            exception_class = UnknownMethodException\n        else:\n            exception_class = WebDriverException\n        if not value:\n            value = response[\"value\"]\n        if isinstance(value, str):\n            raise exception_class(value)\n        if message == \"\" and \"message\" in value:\n            message = value[\"message\"]\n    \n        screen = None  # type: ignore[assignment]\n        if \"screen\" in value:\n            screen = value[\"screen\"]\n    \n        stacktrace = None\n        st_value = value.get(\"stackTrace\") or value.get(\"stacktrace\")\n        if st_value:\n            if isinstance(st_value, str):\n                stacktrace = st_value.split(\"\\n\")\n            else:\n                stacktrace = []\n                try:\n                    for frame in st_value:\n                        line = frame.get(\"lineNumber\", \"\")\n                        file = frame.get(\"fileName\", \"<anonymous>\")\n                        if line:\n                            file = f\"{file}:{line}\"\n                        meth = frame.get(\"methodName\", \"<anonymous>\")\n                        if \"className\" in frame:\n                            meth = f\"{frame['className']}.{meth}\"\n                        msg = \"    at %s (%s)\"\n                        msg = msg % (meth, file)\n                        stacktrace.append(msg)\n                except TypeError:\n                    pass\n        if exception_class == UnexpectedAlertPresentException:\n            alert_text = None\n            if \"data\" in value:\n                alert_text = value[\"data\"].get(\"text\")\n            elif \"alert\" in value:\n                alert_text = value[\"alert\"].get(\"text\")\n            raise exception_class(message, screen, stacktrace, alert_text)  # type: ignore[call-arg]  # mypy is not smart enough here\n>       raise exception_class(message, screen, stacktrace)\nE       selenium.common.exceptions.WebDriverException: Message: unknown error: net::ERR_CONNECTION_REFUSED\nE         (Session info: chrome=114.0.5735.90)\nE       Stacktrace:\nE       0   chromedriver                        0x00000001033c36b8 chromedriver + 4937400\nE       1   chromedriver                        0x00000001033bab73 chromedriver + 4901747\nE       2   chromedriver                        0x0000000102f78616 chromedriver + 435734\nE       3   chromedriver                        0x0000000102f700e1 chromedriver + 401633\nE       4   chromedriver                        0x0000000102f6073c chromedriver + 337724\nE       5   chromedriver                        0x0000000102f62241 chromedriver + 344641\nE       6   chromedriver                        0x0000000102f60b18 chromedriver + 338712\nE       7   chromedriver                        0x0000000102f5f8c9 chromedriver + 334025\nE       8   chromedriver                        0x0000000102f5f73c chromedriver + 333628\nE       9   chromedriver                        0x0000000102f5dfaa chromedriver + 327594\nE       10  chromedriver                        0x0000000102f5e38d chromedriver + 328589\nE       11  chromedriver                        0x0000000102f7a9c6 chromedriver + 444870\nE       12  chromedriver                        0x0000000102ffb531 chromedriver + 972081\nE       13  chromedriver                        0x0000000102fe0012 chromedriver + 860178\nE       14  chromedriver                        0x0000000102ffae76 chromedriver + 970358\nE       15  chromedriver                        0x0000000102fdfde3 chromedriver + 859619\nE       16  chromedriver                        0x0000000102fadd7f chromedriver + 654719\nE       17  chromedriver                        0x0000000102faf0de chromedriver + 659678\nE       18  chromedriver                        0x000000010337f2ad chromedriver + 4657837\nE       19  chromedriver                        0x0000000103384130 chromedriver + 4677936\nE       20  chromedriver                        0x000000010338adef chromedriver + 4705775\nE       21  chromedriver                        0x000000010338505a chromedriver + 4681818\nE       22  chromedriver                        0x000000010335792c chromedriver + 4495660\nE       23  chromedriver                        0x00000001033a2838 chromedriver + 4802616\nE       24  chromedriver                        0x00000001033a29b7 chromedriver + 4802999\nE       25  chromedriver                        0x00000001033b399f chromedriver + 4872607\nE       26  libsystem_pthread.dylib             0x00007ff8195471d3 _pthread_start + 125\nE       27  libsystem_pthread.dylib             0x00007ff819542bd3 thread_start + 15\n\n../venv/lib/python3.10/site-packages/selenium/webdriver/remote/errorhandler.py:245: WebDriverException"}, "description": "Testing Adding Dataset from Rest_API", "parameters": [{"name": "init_driver", "value": "'chrome'"}], "start": 1690531051987, "stop": 1690531053127, "uuid": "e09d26c7-b092-470d-869f-ec81f0023386", "historyId": "490939e268c66d031bbe5d765f90c1c5", "testCaseId": "8d399c1e44111d488fbc7a3d6800b347", "fullName": "test_datasetpage.Test_datasetpage#test_adding_dataset_REST_API", "labels": [{"name": "severity", "value": "critical"}, {"name": "tag", "value": "@pytest.mark.usefixtures('init_driver')"}, {"name": "suite", "value": "test_datasetpage"}, {"name": "subSuite", "value": "Test_datasetpage"}, {"name": "host", "value": "Shaiks-MacBook-Pro.local"}, {"name": "thread", "value": "17444-MainThread"}, {"name": "framework", "value": "pytest"}, {"name": "language", "value": "cpython3"}, {"name": "package", "value": "test_datasetpage"}]}