{"name": "test_Delete_Policy[chrome]", "status": "broken", "statusDetails": {"message": "selenium.common.exceptions.TimeoutException: Message: \nStacktrace:\n0   chromedriver                        0x00000001007036b8 chromedriver + 4937400\n1   chromedriver                        0x00000001006fab73 chromedriver + 4901747\n2   chromedriver                        0x00000001002b8616 chromedriver + 435734\n3   chromedriver                        0x00000001002fbe0f chromedriver + 712207\n4   chromedriver                        0x00000001002fc0a1 chromedriver + 712865\n5   chromedriver                        0x000000010033d9a4 chromedriver + 981412\n6   chromedriver                        0x000000010032003d chromedriver + 860221\n7   chromedriver                        0x000000010033ae76 chromedriver + 970358\n8   chromedriver                        0x000000010031fde3 chromedriver + 859619\n9   chromedriver                        0x00000001002edd7f chromedriver + 654719\n10  chromedriver                        0x00000001002ef0de chromedriver + 659678\n11  chromedriver                        0x00000001006bf2ad chromedriver + 4657837\n12  chromedriver                        0x00000001006c4130 chromedriver + 4677936\n13  chromedriver                        0x00000001006cadef chromedriver + 4705775\n14  chromedriver                        0x00000001006c505a chromedriver + 4681818\n15  chromedriver                        0x000000010069792c chromedriver + 4495660\n16  chromedriver                        0x00000001006e2838 chromedriver + 4802616\n17  chromedriver                        0x00000001006e29b7 chromedriver + 4802999\n18  chromedriver                        0x00000001006f399f chromedriver + 4872607\n19  libsystem_pthread.dylib             0x00007ff8123ef1d3 _pthread_start + 125\n20  libsystem_pthread.dylib             0x00007ff8123eabd3 thread_start + 15", "trace": "self = <Testcases.test_settingspage.Test_Settings_page object at 0x101f223e0>\n\n    @allure.description(\"Testing Delete Policy\")\n    @allure.severity(allure.severity_level.CRITICAL)\n    def test_Delete_Policy(self):\n        self.loginpage = Loginpage(self.driver)\n        sleep(2)\n        self.driver.execute_script(\"window.localStorage.clear();\")\n        self.driver.maximize_window()\n>       self.loginpage.do_click(Loginpage.LOGIN_AS_ADMIN_BUTTON)\n\ntest_settingspage.py:261: \n_ _ _ _ _ _ _ _ _ _ _ _ _ _ _ _ _ _ _ _ _ _ _ _ _ _ _ _ _ _ _ _ _ _ _ _ _ _ _ _ _ _ _ _ _ _ _ _ _ _ _ _ _ _ _ _ _ _ _ _ _ _ _ _ _ _ _ _ _ _ _ _ _ _ _ _ _ _ _ _ _ _ _ _ _ \n../Pageobjects/Basepage.py:20: in do_click\n    element = wait.until(EC.visibility_of_element_located(by_locator))\n_ _ _ _ _ _ _ _ _ _ _ _ _ _ _ _ _ _ _ _ _ _ _ _ _ _ _ _ _ _ _ _ _ _ _ _ _ _ _ _ _ _ _ _ _ _ _ _ _ _ _ _ _ _ _ _ _ _ _ _ _ _ _ _ _ _ _ _ _ _ _ _ _ _ _ _ _ _ _ _ _ _ _ _ _ \n\nself = <selenium.webdriver.support.wait.WebDriverWait (session=\"622a41414d41e1cb843a428f0474da6a\")>\nmethod = <function visibility_of_element_located.<locals>._predicate at 0x1020ec670>, message = ''\n\n    def until(self, method, message: str = \"\"):\n        \"\"\"Calls the method provided with the driver as an argument until the \\\n        return value does not evaluate to ``False``.\n    \n        :param method: callable(WebDriver)\n        :param message: optional message for :exc:`TimeoutException`\n        :returns: the result of the last call to `method`\n        :raises: :exc:`selenium.common.exceptions.TimeoutException` if timeout occurs\n        \"\"\"\n        screen = None\n        stacktrace = None\n    \n        end_time = time.monotonic() + self._timeout\n        while True:\n            try:\n                value = method(self._driver)\n                if value:\n                    return value\n            except self._ignored_exceptions as exc:\n                screen = getattr(exc, \"screen\", None)\n                stacktrace = getattr(exc, \"stacktrace\", None)\n            time.sleep(self._poll)\n            if time.monotonic() > end_time:\n                break\n>       raise TimeoutException(message, screen, stacktrace)\nE       selenium.common.exceptions.TimeoutException: Message: \nE       Stacktrace:\nE       0   chromedriver                        0x00000001007036b8 chromedriver + 4937400\nE       1   chromedriver                        0x00000001006fab73 chromedriver + 4901747\nE       2   chromedriver                        0x00000001002b8616 chromedriver + 435734\nE       3   chromedriver                        0x00000001002fbe0f chromedriver + 712207\nE       4   chromedriver                        0x00000001002fc0a1 chromedriver + 712865\nE       5   chromedriver                        0x000000010033d9a4 chromedriver + 981412\nE       6   chromedriver                        0x000000010032003d chromedriver + 860221\nE       7   chromedriver                        0x000000010033ae76 chromedriver + 970358\nE       8   chromedriver                        0x000000010031fde3 chromedriver + 859619\nE       9   chromedriver                        0x00000001002edd7f chromedriver + 654719\nE       10  chromedriver                        0x00000001002ef0de chromedriver + 659678\nE       11  chromedriver                        0x00000001006bf2ad chromedriver + 4657837\nE       12  chromedriver                        0x00000001006c4130 chromedriver + 4677936\nE       13  chromedriver                        0x00000001006cadef chromedriver + 4705775\nE       14  chromedriver                        0x00000001006c505a chromedriver + 4681818\nE       15  chromedriver                        0x000000010069792c chromedriver + 4495660\nE       16  chromedriver                        0x00000001006e2838 chromedriver + 4802616\nE       17  chromedriver                        0x00000001006e29b7 chromedriver + 4802999\nE       18  chromedriver                        0x00000001006f399f chromedriver + 4872607\nE       19  libsystem_pthread.dylib             0x00007ff8123ef1d3 _pthread_start + 125\nE       20  libsystem_pthread.dylib             0x00007ff8123eabd3 thread_start + 15\n\n../venv/lib/python3.10/site-packages/selenium/webdriver/support/wait.py:95: TimeoutException"}, "description": "Testing Delete Policy", "parameters": [{"name": "init_driver", "value": "'chrome'"}], "start": 1690803694735, "stop": 1690803711139, "uuid": "37d9f825-ce66-4642-9911-fd9b9b664fb6", "historyId": "20e89942423bfd2f86b795b6803bd634", "testCaseId": "8174cd141c2f7d6dcaebbebb8c8a539f", "fullName": "test_settingspage.Test_Settings_page#test_Delete_Policy", "labels": [{"name": "severity", "value": "critical"}, {"name": "tag", "value": "@pytest.mark.usefixtures('init_driver')"}, {"name": "suite", "value": "test_settingspage"}, {"name": "subSuite", "value": "Test_Settings_page"}, {"name": "host", "value": "Shaiks-MacBook-Pro.local"}, {"name": "thread", "value": "60544-MainThread"}, {"name": "framework", "value": "pytest"}, {"name": "language", "value": "cpython3"}, {"name": "package", "value": "test_settingspage"}]}