{"name": "test_Approving_Participant_Request_Button[chrome]", "status": "broken", "statusDetails": {"message": "selenium.common.exceptions.TimeoutException: Message: \nStacktrace:\n0   chromedriver                        0x0000000102e8c6b8 chromedriver + 4937400\n1   chromedriver                        0x0000000102e83b73 chromedriver + 4901747\n2   chromedriver                        0x0000000102a41616 chromedriver + 435734\n3   chromedriver                        0x0000000102a84e0f chromedriver + 712207\n4   chromedriver                        0x0000000102a850a1 chromedriver + 712865\n5   chromedriver                        0x0000000102ac69a4 chromedriver + 981412\n6   chromedriver                        0x0000000102aa903d chromedriver + 860221\n7   chromedriver                        0x0000000102ac3e76 chromedriver + 970358\n8   chromedriver                        0x0000000102aa8de3 chromedriver + 859619\n9   chromedriver                        0x0000000102a76d7f chromedriver + 654719\n10  chromedriver                        0x0000000102a780de chromedriver + 659678\n11  chromedriver                        0x0000000102e482ad chromedriver + 4657837\n12  chromedriver                        0x0000000102e4d130 chromedriver + 4677936\n13  chromedriver                        0x0000000102e53def chromedriver + 4705775\n14  chromedriver                        0x0000000102e4e05a chromedriver + 4681818\n15  chromedriver                        0x0000000102e2092c chromedriver + 4495660\n16  chromedriver                        0x0000000102e6b838 chromedriver + 4802616\n17  chromedriver                        0x0000000102e6b9b7 chromedriver + 4802999\n18  chromedriver                        0x0000000102e7c99f chromedriver + 4872607\n19  libsystem_pthread.dylib             0x00007ff8022831d3 _pthread_start + 125\n20  libsystem_pthread.dylib             0x00007ff80227ebd3 thread_start + 15", "trace": "self = <Testcases.test_addparticipantpage.Test_add_participant object at 0x1029058d0>\n\n    @allure.description(\"Testing Approving participant request by admin\")\n    @allure.severity(allure.severity_level.CRITICAL)\n    def test_Approving_Participant_Request_Button(self):\n        self.loginpage = Loginpage(self.driver)\n        sleep(2)\n        self.driver.execute_script(\"window.localStorage.clear();\")\n        self.driver.maximize_window()\n        self.loginpage.do_click(Loginpage.LOGIN_AS_ADMIN_BUTTON)\n        self.loginpage.do_click(Loginpage.USERNAME_FIELD)\n        self.loginpage.do_sendkeys(Loginpage.USERNAME_FIELD, Testdata.USER_NAME)\n        self.loginpage.do_click(Loginpage.SEND_OTP_BUTTON)\n        sleep(2)\n        self.loginpage.do_click(Loginpage.ENTER_OTP)\n        self.loginpage.do_sendkeys(Loginpage.ENTER_OTP, Testdata.OTP)\n        self.loginpage.do_click(Loginpage.VERIFY_OTP_BUTTON)\n        sleep(2)\n        self.participant_page = Participant_page(self.driver)\n        self.driver.maximize_window()\n        self.participant_page.do_click(Participant_page.PARTICIPANTS_BUTTON)\n        sleep(2)\n        self.participant_page.do_click(Participant_page.NEW_PARTICIPANT_REQUEST)\n        sleep(2)\n        self.driver.execute_script(\"window.scrollBy(0,300);\")\n        sleep(2)\n        self.participant_page.do_click(Participant_page.PARTICIPANT_REQUEST)\n        sleep(2)\n        self.driver.execute_script(\"window.scrollBy(0,800);\")\n        sleep(2)\n>       self.participant_page.do_click(Participant_page.APPROVE_BUTTON)\n\ntest_addparticipantpage.py:321: \n_ _ _ _ _ _ _ _ _ _ _ _ _ _ _ _ _ _ _ _ _ _ _ _ _ _ _ _ _ _ _ _ _ _ _ _ _ _ _ _ _ _ _ _ _ _ _ _ _ _ _ _ _ _ _ _ _ _ _ _ _ _ _ _ _ _ _ _ _ _ _ _ _ _ _ _ _ _ _ _ _ _ _ _ _ \n../Pageobjects/Basepage.py:20: in do_click\n    element = wait.until(EC.visibility_of_element_located(by_locator))\n_ _ _ _ _ _ _ _ _ _ _ _ _ _ _ _ _ _ _ _ _ _ _ _ _ _ _ _ _ _ _ _ _ _ _ _ _ _ _ _ _ _ _ _ _ _ _ _ _ _ _ _ _ _ _ _ _ _ _ _ _ _ _ _ _ _ _ _ _ _ _ _ _ _ _ _ _ _ _ _ _ _ _ _ _ \n\nself = <selenium.webdriver.support.wait.WebDriverWait (session=\"b835fe133ce8b9237cbe7ae6a518e852\")>\nmethod = <function visibility_of_element_located.<locals>._predicate at 0x1021f0940>, message = ''\n\n    def until(self, method, message: str = \"\"):\n        \"\"\"Calls the method provided with the driver as an argument until the \\\n        return value does not evaluate to ``False``.\n    \n        :param method: callable(WebDriver)\n        :param message: optional message for :exc:`TimeoutException`\n        :returns: the result of the last call to `method`\n        :raises: :exc:`selenium.common.exceptions.TimeoutException` if timeout occurs\n        \"\"\"\n        screen = None\n        stacktrace = None\n    \n        end_time = time.monotonic() + self._timeout\n        while True:\n            try:\n                value = method(self._driver)\n                if value:\n                    return value\n            except self._ignored_exceptions as exc:\n                screen = getattr(exc, \"screen\", None)\n                stacktrace = getattr(exc, \"stacktrace\", None)\n            time.sleep(self._poll)\n            if time.monotonic() > end_time:\n                break\n>       raise TimeoutException(message, screen, stacktrace)\nE       selenium.common.exceptions.TimeoutException: Message: \nE       Stacktrace:\nE       0   chromedriver                        0x0000000102e8c6b8 chromedriver + 4937400\nE       1   chromedriver                        0x0000000102e83b73 chromedriver + 4901747\nE       2   chromedriver                        0x0000000102a41616 chromedriver + 435734\nE       3   chromedriver                        0x0000000102a84e0f chromedriver + 712207\nE       4   chromedriver                        0x0000000102a850a1 chromedriver + 712865\nE       5   chromedriver                        0x0000000102ac69a4 chromedriver + 981412\nE       6   chromedriver                        0x0000000102aa903d chromedriver + 860221\nE       7   chromedriver                        0x0000000102ac3e76 chromedriver + 970358\nE       8   chromedriver                        0x0000000102aa8de3 chromedriver + 859619\nE       9   chromedriver                        0x0000000102a76d7f chromedriver + 654719\nE       10  chromedriver                        0x0000000102a780de chromedriver + 659678\nE       11  chromedriver                        0x0000000102e482ad chromedriver + 4657837\nE       12  chromedriver                        0x0000000102e4d130 chromedriver + 4677936\nE       13  chromedriver                        0x0000000102e53def chromedriver + 4705775\nE       14  chromedriver                        0x0000000102e4e05a chromedriver + 4681818\nE       15  chromedriver                        0x0000000102e2092c chromedriver + 4495660\nE       16  chromedriver                        0x0000000102e6b838 chromedriver + 4802616\nE       17  chromedriver                        0x0000000102e6b9b7 chromedriver + 4802999\nE       18  chromedriver                        0x0000000102e7c99f chromedriver + 4872607\nE       19  libsystem_pthread.dylib             0x00007ff8022831d3 _pthread_start + 125\nE       20  libsystem_pthread.dylib             0x00007ff80227ebd3 thread_start + 15\n\n../venv/lib/python3.10/site-packages/selenium/webdriver/support/wait.py:95: TimeoutException"}, "description": "Testing Approving participant request by admin", "parameters": [{"name": "init_driver", "value": "'chrome'"}], "start": 1690537260905, "stop": 1690537328477, "uuid": "341a5282-4472-4e09-9c18-83e995c8da98", "historyId": "48baed72604d21191523d1484e7916b3", "testCaseId": "06a1112cb4e286ed8036fe2dde9145b9", "fullName": "test_addparticipantpage.Test_add_participant#test_Approving_Participant_Request_Button", "labels": [{"name": "severity", "value": "critical"}, {"name": "tag", "value": "@pytest.mark.usefixtures('init_driver')"}, {"name": "suite", "value": "test_addparticipantpage"}, {"name": "subSuite", "value": "Test_add_participant"}, {"name": "host", "value": "Shaiks-MacBook-Pro.local"}, {"name": "thread", "value": "18188-MainThread"}, {"name": "framework", "value": "pytest"}, {"name": "language", "value": "cpython3"}, {"name": "package", "value": "test_addparticipantpage"}]}